TN:
SF:src\index.js
FN:11,(anonymous_0)
FNF:1
FNH:1
FNDA:2,(anonymous_0)
DA:5,4
DA:6,4
DA:8,4
DA:9,4
DA:11,4
DA:12,2
LF:6
LH:6
BRF:0
BRH:0
end_of_record
TN:
SF:src\actions\movies\movies.js
FN:3,(anonymous_0)
FN:7,(anonymous_1)
FN:11,(anonymous_2)
FN:16,(anonymous_3)
FN:24,(anonymous_4)
FN:37,getClassifierParam
FN:43,getOrderParam
FNF:7
FNH:7
FNDA:14,(anonymous_0)
FNDA:2,(anonymous_1)
FNDA:6402,(anonymous_2)
FNDA:10,(anonymous_3)
FNDA:87394,(anonymous_4)
FNDA:10,getClassifierParam
FNDA:10,getOrderParam
DA:3,4
DA:4,14
DA:7,4
DA:8,2
DA:9,2
DA:10,2
DA:11,6402
DA:13,2
DA:16,4
DA:17,10
DA:18,10
DA:19,10
DA:21,10
DA:23,8
DA:25,87394
DA:26,87394
DA:28,87394
DA:29,87394
DA:30,87394
DA:34,8
DA:38,10
DA:39,6
DA:40,1
DA:44,10
DA:45,6
DA:46,1
LF:26
LH:26
BRDA:21,0,0,2
BRDA:21,0,1,8
BRDA:21,1,0,10
BRDA:21,1,1,9
BRDA:28,2,0,76937
BRDA:28,2,1,10457
BRDA:28,3,0,87394
BRDA:28,3,1,76937
BRDA:29,4,0,80904
BRDA:29,4,1,6490
BRDA:29,5,0,87394
BRDA:29,5,1,80904
BRDA:38,6,0,4
BRDA:38,6,1,6
BRDA:39,7,0,5
BRDA:39,7,1,1
BRDA:44,8,0,4
BRDA:44,8,1,6
BRDA:45,9,0,5
BRDA:45,9,1,1
BRF:20
BRH:20
end_of_record
TN:
SF:src\routes\index.js
FNF:0
FNH:0
DA:7,4
DA:9,4
DA:11,4
DA:12,4
DA:13,4
LF:5
LH:5
BRF:0
BRH:0
end_of_record
TN:
SF:src\routes\health\health.js
FN:1,getHealth
FNF:1
FNH:1
FNDA:1,getHealth
DA:2,1
LF:1
LH:1
BRF:0
BRH:0
end_of_record
TN:
SF:src\routes\movies\GETAllmovies.js
FN:4,(anonymous_0)
FNF:1
FNH:1
FNDA:2,(anonymous_0)
DA:4,4
DA:5,2
DA:6,2
DA:7,1
DA:8,0
DA:10,1
DA:11,2
LF:7
LH:6
BRDA:6,0,0,1
BRDA:6,0,1,1
BRDA:7,1,0,1
BRDA:7,1,1,0
BRF:4
BRH:3
end_of_record
TN:
SF:src\routes\movies\GETMoviesByClassifier.js
FN:4,(anonymous_0)
FNF:1
FNH:1
FNDA:6,(anonymous_0)
DA:4,4
DA:5,6
DA:6,6
DA:7,2
DA:8,6
LF:5
LH:5
BRDA:6,0,0,4
BRDA:6,0,1,2
BRF:2
BRH:2
end_of_record
TN:
SF:src\routes\movies\GETMoviesByName.js
FN:4,(anonymous_0)
FNF:1
FNH:1
FNDA:2,(anonymous_0)
DA:4,4
DA:5,2
DA:6,2
DA:7,1
DA:8,0
DA:11,1
DA:12,0
DA:15,2
LF:8
LH:6
BRDA:6,0,0,1
BRDA:6,0,1,1
BRDA:7,1,0,1
BRDA:7,1,1,0
BRDA:11,2,0,1
BRDA:11,2,1,0
BRF:6
BRH:4
end_of_record
TN:
SF:src\utils\responseBuilder.js
FN:1,(anonymous_0)
FN:7,(anonymous_1)
FN:12,(anonymous_2)
FNF:3
FNH:3
FNDA:6,(anonymous_0)
FNDA:3,(anonymous_1)
FNDA:1,(anonymous_2)
DA:1,4
DA:2,6
DA:3,6
DA:4,6
DA:7,4
DA:8,3
DA:9,3
DA:10,3
DA:12,4
DA:13,1
DA:14,1
DA:15,1
LF:12
LH:12
BRF:0
BRH:0
end_of_record
